Usage:
  supabase functions serve [flags]

Flags:
      --env-file string                     Path to an env file to be populated to the Function environment.
  -h, --help                                help for serve
      --import-map string                   Path to import map file.
      --inspect                             Alias of --inspect-mode brk.
      --inspect-main                        Allow inspecting the main worker.
      --inspect-mode [ run | brk | wait ]   Activate inspector capability for debugging.
      --no-verify-jwt                       Disable JWT verification for the Function.

Global Flags:
      --create-ticket                                  create a support ticket for any CLI error
      --debug                                          output debug logs to stderr
      --dns-resolver [ native | https ]                lookup domain names using the specified resolver (default native)
      --experimental                                   enable experimental features
      --network-id string                              use the specified docker network instead of a generated one
  -o, --output [ env | pretty | json | toml | yaml ]   output format of status variables (default pretty)
      --profile string                                 use a specific profile for connecting to Supabase API (default "supabase")
      --workdir string                                 path to a Supabase project directory
      --yes                                            answer yes to all prompts

unknown flag: --port
Try rerunning the command with --debug to troubleshoot the error.
